<?xml version="1.0" encoding="UTF-8"?>
<testng-results ignored="0" total="1" passed="1" failed="0" skipped="0">
  <reporter-output>
  </reporter-output>
  <suite started-at="2022-04-04T16:50:17 IST" name="Default suite" finished-at="2022-04-04T16:50:56 IST" duration-ms="38563">
    <groups>
    </groups>
    <test started-at="2022-04-04T16:50:17 IST" name="Default test" finished-at="2022-04-04T16:50:56 IST" duration-ms="38563">
      <class name="com.selenium.test.HomePageTest">
        <test-method is-config="true" signature="setUp()[pri:0, instance:com.selenium.test.HomePageTest@1f97cf0d]" started-at="2022-04-04T16:50:17 IST" name="setUp" finished-at="2022-04-04T16:50:22 IST" duration-ms="4067" status="PASS">
          <reporter-output>
          </reporter-output>
        </test-method> <!-- setUp -->
        <test-method signature="testHomePage()[pri:0, instance:com.selenium.test.HomePageTest@1f97cf0d]" started-at="2022-04-04T16:50:22 IST" name="testHomePage" finished-at="2022-04-04T16:50:56 IST" duration-ms="34025" status="PASS">
          <reporter-output>
          </reporter-output>
        </test-method> <!-- testHomePage -->
        <test-method is-config="true" signature="tearDown()[pri:0, instance:com.selenium.test.HomePageTest@1f97cf0d]" started-at="2022-04-04T16:50:56 IST" name="tearDown" finished-at="2022-04-04T16:50:56 IST" duration-ms="397" status="PASS">
          <reporter-output>
          </reporter-output>
        </test-method> <!-- tearDown -->
      </class> <!-- com.selenium.test.HomePageTest -->
    </test> <!-- Default test -->
  </suite> <!-- Default suite -->
</testng-results>
